2024-12-01 21:44:52 - CRITICAL: Unable to open logfile
2024-12-01 21:50:09 - CRITICAL: Unable to open logfile
2024-12-01 21:55:44 - CRITICAL: Unable to open logfile
2024-12-01 21:57:41 - CRITICAL: Bind error
2024-12-01 21:58:26 - CRITICAL: Unable to open logfile
2024-12-01 22:00:18 - CRITICAL: Bind error
2024-12-01 22:00:25 - CRITICAL: Bind error
2024-12-01 22:00:46 - CRITICAL: Unable to open logfile
2024-12-01 22:03:07 - CRITICAL: Bind error
2024-12-01 22:03:25 - CRITICAL: Unable to open logfile
2024-12-01 22:05:56 - CRITICAL: Unable to open logfile
2024-12-02 22:43:17 - CRITICAL: Bind error
2024-12-02 22:44:07 - CRITICAL: Bind error
2024-12-02 22:44:18 - WARNING: Auth error: user not found
2024-12-02 22:44:18 - WARNING: Auth error: password mismatch
2024-12-02 23:01:18 - CRITICAL: Bind error
2024-12-02 23:01:28 - WARNING: Auth error: user not found
2024-12-02 23:01:28 - WARNING: Auth error: password mismatch
2024-12-02 23:44:33 - CRITICAL: Bind error
2024-12-05 20:45:59 - WARNING: Unable to open database file
2024-12-05 20:46:28 - WARNING: Recv vector size error
2024-12-15 21:36:00 - CRITICAL: Bind error
2024-12-16 23:30:34 - WARNING: Auth error: user not found
2024-12-16 23:30:34 - WARNING: Auth error: password mismatch
2024-12-16 23:34:01 - WARNING: User not found!
2024-12-16 23:34:35 - WARNING: User not found!
2024-12-16 23:39:26 - WARNING: User not found!
2024-12-16 23:43:59 - WARNING: User not found!
2024-12-16 23:55:47 - WARNING: User not found!
2024-12-16 23:55:47 - WARNING: Auth error: user not found
2024-12-17 00:40:22 - WARNING: User not found!
2024-12-17 01:05:43 - WARNING: User not found!
2024-12-17 01:09:29 - WARNING: User not found!
2024-12-17 01:09:29 - WARNING: Unable to open database file
2024-12-17 01:21:53 - WARNING: User not found!
2024-12-17 01:21:53 - WARNING: Unable to open database file
2024-12-17 01:24:01 - WARNING: User not found!
2024-12-17 01:24:01 - WARNING: Unable to open database file
2024-12-17 01:26:19 - WARNING: User not found!
2024-12-17 01:26:19 - WARNING: Unable to open database file
2024-12-17 23:57:16 - CRITICAL: Bind error
2024-12-17 23:57:43 - CRITICAL: Bind error
2024-12-17 23:59:54 - CRITICAL: Bind error
2024-12-18 00:16:44 - CRITICAL: Bind error


2024-12-19 02:44:26 - WARNING: Auth error: password mismatch
2024-12-19 03:37:39 - CRITICAL: Listen error
2024-12-19 03:43:30 - CRITICAL: Bind error
2024-12-19 03:52:05 - WARNING: Auth error: password mismatch
2024-12-19 03:59:59 - CRITICAL: Bind error
